<?xml version="1.0" encoding="UTF-8"?>
<!-- Generated by org.testng.reporters.JUnitXMLReporter -->
<testsuite hostname="DESKTOP-04MOS7J" ignored="0" name="Test" tests="3" failures="0" timestamp="2020-03-02T13:25:55 IST" time="43.045" errors="0">
  <testcase name="invalidPassword" time="3.065" classname="com.qa.tests.LoginTests"/>
  <testcase name="invalidUserName" time="2.186" classname="com.qa.tests.LoginTests"/>
  <testcase name="validCredentials" time="5.485" classname="com.qa.tests.LoginTests"/>
</testsuite> <!-- Test -->
