<?xml version="1.0" encoding="UTF-8"?>
<testng-results skipped="0" failed="0" ignored="0" total="3" passed="3">
  <reporter-output>
  </reporter-output>
  <suite name="Suite" duration-ms="43045" started-at="2020-03-02T13:25:12 IST" finished-at="2020-03-02T13:25:55 IST">
    <groups>
    </groups>
    <test name="Test" duration-ms="43045" started-at="2020-03-02T13:25:12 IST" finished-at="2020-03-02T13:25:55 IST">
      <class name="com.qa.tests.LoginTests">
        <test-method status="PASS" signature="beforeClass(java.lang.String, java.lang.String, java.lang.String)[pri:0, instance:com.qa.tests.LoginTests@184f6be2]" name="beforeClass" is-config="true" duration-ms="28779" started-at="2020-03-02T13:25:12 IST" finished-at="2020-03-02T13:25:41 IST">
          <params>
            <param index="0">
              <value>
                <![CDATA[Android]]>
              </value>
            </param>
            <param index="1">
              <value>
                <![CDATA[6.0]]>
              </value>
            </param>
            <param index="2">
              <value>
                <![CDATA[Nexus 5 API 23]]>
              </value>
            </param>
          </params>
          <reporter-output>
          </reporter-output>
        </test-method> <!-- beforeClass -->
        <test-method status="PASS" signature="beforeMethod(java.lang.reflect.Method)[pri:0, instance:com.qa.tests.LoginTests@184f6be2]" name="beforeMethod" is-config="true" duration-ms="407" started-at="2020-03-02T13:25:41 IST" finished-at="2020-03-02T13:25:41 IST">
          <params>
            <param index="0">
              <value>
                <![CDATA[public void com.qa.tests.LoginTests.invalidPassword()]]>
              </value>
            </param>
          </params>
          <reporter-output>
          </reporter-output>
        </test-method> <!-- beforeMethod -->
        <test-method status="PASS" signature="invalidPassword()[pri:0, instance:com.qa.tests.LoginTests@184f6be2]" name="invalidPassword" duration-ms="3065" started-at="2020-03-02T13:25:41 IST" finished-at="2020-03-02T13:25:44 IST">
          <reporter-output>
          </reporter-output>
        </test-method> <!-- invalidPassword -->
        <test-method status="PASS" signature="afterMethod()[pri:0, instance:com.qa.tests.LoginTests@184f6be2]" name="afterMethod" is-config="true" duration-ms="0" started-at="2020-03-02T13:25:44 IST" finished-at="2020-03-02T13:25:44 IST">
          <reporter-output>
          </reporter-output>
        </test-method> <!-- afterMethod -->
        <test-method status="PASS" signature="beforeMethod(java.lang.reflect.Method)[pri:0, instance:com.qa.tests.LoginTests@184f6be2]" name="beforeMethod" is-config="true" duration-ms="3" started-at="2020-03-02T13:25:44 IST" finished-at="2020-03-02T13:25:44 IST">
          <params>
            <param index="0">
              <value>
                <![CDATA[public void com.qa.tests.LoginTests.invalidUserName()]]>
              </value>
            </param>
          </params>
          <reporter-output>
          </reporter-output>
        </test-method> <!-- beforeMethod -->
        <test-method status="PASS" signature="invalidUserName()[pri:0, instance:com.qa.tests.LoginTests@184f6be2]" name="invalidUserName" duration-ms="2186" started-at="2020-03-02T13:25:44 IST" finished-at="2020-03-02T13:25:46 IST">
          <reporter-output>
          </reporter-output>
        </test-method> <!-- invalidUserName -->
        <test-method status="PASS" signature="afterMethod()[pri:0, instance:com.qa.tests.LoginTests@184f6be2]" name="afterMethod" is-config="true" duration-ms="0" started-at="2020-03-02T13:25:46 IST" finished-at="2020-03-02T13:25:46 IST">
          <reporter-output>
          </reporter-output>
        </test-method> <!-- afterMethod -->
        <test-method status="PASS" signature="beforeMethod(java.lang.reflect.Method)[pri:0, instance:com.qa.tests.LoginTests@184f6be2]" name="beforeMethod" is-config="true" duration-ms="2" started-at="2020-03-02T13:25:46 IST" finished-at="2020-03-02T13:25:46 IST">
          <params>
            <param index="0">
              <value>
                <![CDATA[public void com.qa.tests.LoginTests.validCredentials()]]>
              </value>
            </param>
          </params>
          <reporter-output>
          </reporter-output>
        </test-method> <!-- beforeMethod -->
        <test-method status="PASS" signature="validCredentials()[pri:0, instance:com.qa.tests.LoginTests@184f6be2]" name="validCredentials" duration-ms="5485" started-at="2020-03-02T13:25:46 IST" finished-at="2020-03-02T13:25:52 IST">
          <reporter-output>
          </reporter-output>
        </test-method> <!-- validCredentials -->
        <test-method status="PASS" signature="afterMethod()[pri:0, instance:com.qa.tests.LoginTests@184f6be2]" name="afterMethod" is-config="true" duration-ms="0" started-at="2020-03-02T13:25:52 IST" finished-at="2020-03-02T13:25:52 IST">
          <reporter-output>
          </reporter-output>
        </test-method> <!-- afterMethod -->
        <test-method status="PASS" signature="afterClass()[pri:0, instance:com.qa.tests.LoginTests@184f6be2]" name="afterClass" is-config="true" duration-ms="3051" started-at="2020-03-02T13:25:52 IST" finished-at="2020-03-02T13:25:55 IST">
          <reporter-output>
          </reporter-output>
        </test-method> <!-- afterClass -->
      </class> <!-- com.qa.tests.LoginTests -->
    </test> <!-- Test -->
  </suite> <!-- Suite -->
</testng-results>
